make --dry-run --always-make --keep-going --print-directory
make: Entering directory '/mnt/nfs/homes/nburat-d/Documents/libft'
gcc -Wall -Wextra -Werror -c ft_atoi.c -o ft_atoi.o -I ./
gcc -Wall -Wextra -Werror -c ft_bzero.c -o ft_bzero.o -I ./
gcc -Wall -Wextra -Werror -c ft_calloc.c -o ft_calloc.o -I ./
gcc -Wall -Wextra -Werror -c ft_isalnum.c -o ft_isalnum.o -I ./
gcc -Wall -Wextra -Werror -c ft_isalpha.c -o ft_isalpha.o -I ./
gcc -Wall -Wextra -Werror -c ft_isascii.c -o ft_isascii.o -I ./
gcc -Wall -Wextra -Werror -c ft_isdigit.c -o ft_isdigit.o -I ./
gcc -Wall -Wextra -Werror -c ft_isprint.c -o ft_isprint.o -I ./
gcc -Wall -Wextra -Werror -c ft_containchar.c -o ft_containchar.o -I ./
gcc -Wall -Wextra -Werror -c ft_memchr.c -o ft_memchr.o -I ./
 
gcc -Wall -Wextra -Werror -c ft_memcmp.c -o ft_memcmp.o -I ./
gcc -Wall -Wextra -Werror -c ft_memcpy.c -o ft_memcpy.o -I ./
gcc -Wall -Wextra -Werror -c ft_memset.c -o ft_memset.o -I ./
gcc -Wall -Wextra -Werror -c ft_memmove.c -o ft_memmove.o -I ./
gcc -Wall -Wextra -Werror -c ft_strchr.c -o ft_strchr.o -I ./
gcc -Wall -Wextra -Werror -c ft_strdup.c -o ft_strdup.o -I ./
gcc -Wall -Wextra -Werror -c ft_strlcat.c -o ft_strlcat.o -I ./
gcc -Wall -Wextra -Werror -c ft_strlcpy.c -o ft_strlcpy.o -I ./
gcc -Wall -Wextra -Werror -c ft_strncpy.c -o ft_strncpy.o -I ./
gcc -Wall -Wextra -Werror -c ft_strlen.c -o ft_strlen.o -I ./
gcc -Wall -Wextra -Werror -c ft_tablen.c -o ft_tablen.o -I ./
gcc -Wall -Wextra -Werror -c ft_strcmp.c -o ft_strcmp.o -I ./
gcc -Wall -Wextra -Werror -c ft_strncmp.c -o ft_strncmp.o -I ./
gcc -Wall -Wextra -Werror -c ft_strnstr.c -o ft_strnstr.o -I ./
gcc -Wall -Wextra -Werror -c ft_strrchr.c -o ft_strrchr.o -I ./
gcc -Wall -Wextra -Werror -c ft_tolower.c -o ft_tolower.o -I ./
gcc -Wall -Wextra -Werror -c ft_toupper.c -o ft_toupper.o -I ./
gcc -Wall -Wextra -Werror -c ft_substr.c -o ft_substr.o -I ./
gcc -Wall -Wextra -Werror -c ft_strjoin.c -o ft_strjoin.o -I ./
gcc -Wall -Wextra -Werror -c ft_strtrim.c -o ft_strtrim.o -I ./
gcc -Wall -Wextra -Werror -c ft_split.c -o ft_split.o -I ./
gcc -Wall -Wextra -Werror -c ft_itoa.c -o ft_itoa.o -I ./
gcc -Wall -Wextra -Werror -c ft_striteri.c -o ft_striteri.o -I ./
gcc -Wall -Wextra -Werror -c ft_strmapi.c -o ft_strmapi.o -I ./
gcc -Wall -Wextra -Werror -c ft_putchar_fd.c -o ft_putchar_fd.o -I ./
gcc -Wall -Wextra -Werror -c ft_putstr_fd.c -o ft_putstr_fd.o -I ./
gcc -Wall -Wextra -Werror -c ft_putendl_fd.c -o ft_putendl_fd.o -I ./
gcc -Wall -Wextra -Werror -c ft_putnbr_fd.c -o ft_putnbr_fd.o -I ./
gcc -Wall -Wextra -Werror -c ft_putchar.c -o ft_putchar.o -I ./
gcc -Wall -Wextra -Werror -c ft_putstr.c -o ft_putstr.o -I ./
gcc -Wall -Wextra -Werror -c ft_putnbr.c -o ft_putnbr.o -I ./
gcc -Wall -Wextra -Werror -c ft_lstrev.c -o ft_lstrev.o -I ./
 
gcc -Wall -Wextra -Werror -c ft_lstnew.c -o ft_lstnew.o -I ./
gcc -Wall -Wextra -Werror -c ft_lstadd_front.c -o ft_lstadd_front.o -I ./
gcc -Wall -Wextra -Werror -c ft_lstsize.c -o ft_lstsize.o -I ./
gcc -Wall -Wextra -Werror -c ft_lstlast.c -o ft_lstlast.o -I ./
gcc -Wall -Wextra -Werror -c ft_lstadd_back.c -o ft_lstadd_back.o -I ./
gcc -Wall -Wextra -Werror -c ft_lstdelone.c -o ft_lstdelone.o -I ./
gcc -Wall -Wextra -Werror -c ft_lstclear.c -o ft_lstclear.o -I ./
gcc -Wall -Wextra -Werror -c ft_lstiter.c -o ft_lstiter.o -I ./
gcc -Wall -Wextra -Werror -c ft_lstmap.c -o ft_lstmap.o -I ./
gcc -Wall -Wextra -Werror -c ft_is_int.c -o ft_is_int.o -I ./
gcc -Wall -Wextra -Werror -c ft_dlstadd_back.c -o ft_dlstadd_back.o -I ./
gcc -Wall -Wextra -Werror -c ft_dlstadd_front.c -o ft_dlstadd_front.o -I ./
gcc -Wall -Wextra -Werror -c ft_dlstclear.c -o ft_dlstclear.o -I ./
 
gcc -Wall -Wextra -Werror -c ft_dlstlast.c -o ft_dlstlast.o -I ./
gcc -Wall -Wextra -Werror -c ft_dlstnew.c -o ft_dlstnew.o -I ./
gcc -Wall -Wextra -Werror -c ft_dlstsize.c -o ft_dlstsize.o -I ./
gcc -Wall -Wextra -Werror -c ft_dlstdelone.c -o ft_dlstdelone.o -I ./
gcc -Wall -Wextra -Werror -c ft_dlstiter.c -o ft_dlstiter.o -I ./
ar rcs libft.a ./ft_atoi.o ./ft_bzero.o ./ft_calloc.o ./ft_isalnum.o ./ft_isalpha.o ./ft_isascii.o ./ft_isdigit.o ./ft_isprint.o ./ft_containchar.o ./ft_memchr.o ./ft_memcmp.o ./ft_memcpy.o ./ft_memset.o ./ft_memmove.o ./ft_strchr.o ./ft_strdup.o ./ft_strlcat.o ./ft_strlcpy.o ./ft_strncpy.o ./ft_strlen.o ./ft_tablen.o ./ft_strcmp.o ./ft_strncmp.o ./ft_strnstr.o ./ft_strrchr.o ./ft_tolower.o ./ft_toupper.o ./ft_substr.o ./ft_strjoin.o ./ft_strtrim.o ./ft_split.o ./ft_itoa.o ./ft_striteri.o ./ft_strmapi.o ./ft_putchar_fd.o ./ft_putstr_fd.o ./ft_putendl_fd.o ./ft_putnbr_fd.o ./ft_putchar.o ./ft_putstr.o ./ft_putnbr.o ./ft_lstrev.o ./ft_lstnew.o ./ft_lstadd_front.o ./ft_lstsize.o ./ft_lstlast.o ./ft_lstadd_back.o ./ft_lstdelone.o ./ft_lstclear.o ./ft_lstiter.o ./ft_lstmap.o ./ft_is_int.o ./ft_dlstadd_back.o ./ft_dlstadd_front.o ./ft_dlstclear.o ./ft_dlstlast.o ./ft_dlstnew.o ./ft_dlstsize.o ./ft_dlstdelone.o ./ft_dlstiter.o
make: Leaving directory '/mnt/nfs/homes/nburat-d/Documents/libft'
 
